<?xml version="1.0" encoding="UTF-8"?>
<testsuite xmlns:xsi="http://www.w3.org/2001/XMLSchema-instance" xsi:noNamespaceSchemaLocation="https://maven.apache.org/surefire/maven-surefire-plugin/xsd/surefire-test-report-3.0.xsd" version="3.0" name="adda.boys.paintsoftware.paintsoftware.DrawingContextTest" time="0.074" tests="4" errors="0" skipped="0" failures="0">
  <properties>
[...]
</properties>
  <testcase name="testGetHorizontalSize" classname="adda.boys.paintsoftware.paintsoftware.DrawingContextTest" time="0.033"/>
  <testcase name="testGetVerticalSize" classname="adda.boys.paintsoftware.paintsoftware.DrawingContextTest" time="0.002"/>
  <testcase name="testClearScreen" classname="adda.boys.paintsoftware.paintsoftware.DrawingContextTest" time="0.002">
    <system-out><![CDATA[Clearing screen.
]]></system-out>
  </testcase>
  <testcase name="testSetPoint" classname="adda.boys.paintsoftware.paintsoftware.DrawingContextTest" time="0.002">
    <system-out><![CDATA[Setting point in DrawingContext.
]]></system-out>
  </testcase>
</testsuite>